
**** Clean-only build of configuration Release for project timer_final_lab3 ****

"C:\\TI\\ccsv8\\utils\\bin\\gmake" -k clean 
 
DEL /F  "timer_final_lab3.bin"  "timer_final_lab3.out" 
DEL /F "Adafruit_GFX.obj" "Adafruit_OLED.obj" "gpio_if.obj" "main.obj" "pinmux.obj" "startup_ccs.obj" "test.obj" "timer_if.obj" "uart_if.obj" 
DEL /F "Adafruit_GFX.d" "Adafruit_OLED.d" "gpio_if.d" "main.d" "pinmux.d" "startup_ccs.d" "test.d" "timer_if.d" "uart_if.d" 
Could Not Find C:\Users\falgu_000\Desktop\CCS_EEC172\EEC172\Lab3_finalwrkspace\timer_final_lab3\Release\timer_final_lab3.bin
Finished clean
 

**** Build Finished ****

**** Build of configuration Release for project timer_final_lab3 ****

"C:\\TI\\ccsv8\\utils\\bin\\gmake" -k all 
 
Building file: "../Adafruit_GFX.c"
Invoking: ARM Compiler
"C:/TI/ccsv8/tools/compiler/ti-cgt-arm_18.1.4.LTS/bin/armcl" -mv7M4 --code_state=16 --float_support=vfplib -me --include_path="C:/TI/ccsv8/tools/compiler/ti-cgt-arm_18.1.4.LTS/include" --include_path="C:/TI/CC3200SDK_1.3.0/cc3200-sdk/driverlib/" --include_path="C:/TI/CC3200SDK_1.3.0/cc3200-sdk/example/common" --include_path="C:/TI/CC3200SDK_1.3.0/cc3200-sdk/inc/" --define=ccs --define=NON_NETWORK --define=cc3200 -g --gcc --printf_support=full --diag_warning=225 --display_error_number --abi=eabi --preproc_with_compile --preproc_dependency="Adafruit_GFX.d_raw"  "../Adafruit_GFX.c"
Finished building: "../Adafruit_GFX.c"
 
Building file: "../Adafruit_OLED.c"
Invoking: ARM Compiler
"C:/TI/ccsv8/tools/compiler/ti-cgt-arm_18.1.4.LTS/bin/armcl" -mv7M4 --code_state=16 --float_support=vfplib -me --include_path="C:/TI/ccsv8/tools/compiler/ti-cgt-arm_18.1.4.LTS/include" --include_path="C:/TI/CC3200SDK_1.3.0/cc3200-sdk/driverlib/" --include_path="C:/TI/CC3200SDK_1.3.0/cc3200-sdk/example/common" --include_path="C:/TI/CC3200SDK_1.3.0/cc3200-sdk/inc/" --define=ccs --define=NON_NETWORK --define=cc3200 -g --gcc --printf_support=full --diag_warning=225 --display_error_number --abi=eabi --preproc_with_compile --preproc_dependency="Adafruit_OLED.d_raw"  "../Adafruit_OLED.c"
Finished building: "../Adafruit_OLED.c"
 
Building file: "C:/TI/CC3200SDK_1.3.0/cc3200-sdk/example/common/gpio_if.c"
Invoking: ARM Compiler
"C:/TI/ccsv8/tools/compiler/ti-cgt-arm_18.1.4.LTS/bin/armcl" -mv7M4 --code_state=16 --float_support=vfplib -me --include_path="C:/TI/ccsv8/tools/compiler/ti-cgt-arm_18.1.4.LTS/include" --include_path="C:/TI/CC3200SDK_1.3.0/cc3200-sdk/driverlib/" --include_path="C:/TI/CC3200SDK_1.3.0/cc3200-sdk/example/common" --include_path="C:/TI/CC3200SDK_1.3.0/cc3200-sdk/inc/" --define=ccs --define=NON_NETWORK --define=cc3200 -g --gcc --printf_support=full --diag_warning=225 --display_error_number --abi=eabi --preproc_with_compile --preproc_dependency="gpio_if.d_raw"  "C:/TI/CC3200SDK_1.3.0/cc3200-sdk/example/common/gpio_if.c"
Finished building: "C:/TI/CC3200SDK_1.3.0/cc3200-sdk/example/common/gpio_if.c"
 
Building file: "../main.c"
Invoking: ARM Compiler
"C:/TI/ccsv8/tools/compiler/ti-cgt-arm_18.1.4.LTS/bin/armcl" -mv7M4 --code_state=16 --float_support=vfplib -me --include_path="C:/TI/ccsv8/tools/compiler/ti-cgt-arm_18.1.4.LTS/include" --include_path="C:/TI/CC3200SDK_1.3.0/cc3200-sdk/driverlib/" --include_path="C:/TI/CC3200SDK_1.3.0/cc3200-sdk/example/common" --include_path="C:/TI/CC3200SDK_1.3.0/cc3200-sdk/inc/" --define=ccs --define=NON_NETWORK --define=cc3200 -g --gcc --printf_support=full --diag_warning=225 --display_error_number --abi=eabi --preproc_with_compile --preproc_dependency="main.d_raw"  "../main.c"
"../main.c", line 199: warning #225-D: function "fillRect" declared implicitly
"../main.c", line 225: warning #225-D: function "fillRect" declared implicitly
"../main.c", line 372: warning #69-D: integer conversion resulted in a change of sign
"../main.c", line 382: warning #69-D: integer conversion resulted in a change of sign
"../main.c", line 392: warning #69-D: integer conversion resulted in a change of sign
"../main.c", line 402: warning #69-D: integer conversion resulted in a change of sign
"../main.c", line 412: warning #69-D: integer conversion resulted in a change of sign
"../main.c", line 561: warning #225-D: function "Adafruit_Init" declared implicitly
"../main.c", line 562: warning #225-D: function "fillScreen" declared implicitly
"../main.c", line 648: warning #183-D: argument is incompatible with corresponding format string conversion
"../main.c", line 651: warning #225-D: function "fillRect" declared implicitly
Finished building: "../main.c"
 
Building file: "../pinmux.c"
Invoking: ARM Compiler
"C:/TI/ccsv8/tools/compiler/ti-cgt-arm_18.1.4.LTS/bin/armcl" -mv7M4 --code_state=16 --float_support=vfplib -me --include_path="C:/TI/ccsv8/tools/compiler/ti-cgt-arm_18.1.4.LTS/include" --include_path="C:/TI/CC3200SDK_1.3.0/cc3200-sdk/driverlib/" --include_path="C:/TI/CC3200SDK_1.3.0/cc3200-sdk/example/common" --include_path="C:/TI/CC3200SDK_1.3.0/cc3200-sdk/inc/" --define=ccs --define=NON_NETWORK --define=cc3200 -g --gcc --printf_support=full --diag_warning=225 --display_error_number --abi=eabi --preproc_with_compile --preproc_dependency="pinmux.d_raw"  "../pinmux.c"
Finished building: "../pinmux.c"
 
Building file: "C:/TI/CC3200SDK_1.3.0/cc3200-sdk/example/common/startup_ccs.c"
Invoking: ARM Compiler
"C:/TI/ccsv8/tools/compiler/ti-cgt-arm_18.1.4.LTS/bin/armcl" -mv7M4 --code_state=16 --float_support=vfplib -me --include_path="C:/TI/ccsv8/tools/compiler/ti-cgt-arm_18.1.4.LTS/include" --include_path="C:/TI/CC3200SDK_1.3.0/cc3200-sdk/driverlib/" --include_path="C:/TI/CC3200SDK_1.3.0/cc3200-sdk/example/common" --include_path="C:/TI/CC3200SDK_1.3.0/cc3200-sdk/inc/" --define=ccs --define=NON_NETWORK --define=cc3200 -g --gcc --printf_support=full --diag_warning=225 --display_error_number --abi=eabi --preproc_with_compile --preproc_dependency="startup_ccs.d_raw"  "C:/TI/CC3200SDK_1.3.0/cc3200-sdk/example/common/startup_ccs.c"
Finished building: "C:/TI/CC3200SDK_1.3.0/cc3200-sdk/example/common/startup_ccs.c"
 
Building file: "../test.c"
Invoking: ARM Compiler
"C:/TI/ccsv8/tools/compiler/ti-cgt-arm_18.1.4.LTS/bin/armcl" -mv7M4 --code_state=16 --float_support=vfplib -me --include_path="C:/TI/ccsv8/tools/compiler/ti-cgt-arm_18.1.4.LTS/include" --include_path="C:/TI/CC3200SDK_1.3.0/cc3200-sdk/driverlib/" --include_path="C:/TI/CC3200SDK_1.3.0/cc3200-sdk/example/common" --include_path="C:/TI/CC3200SDK_1.3.0/cc3200-sdk/inc/" --define=ccs --define=NON_NETWORK --define=cc3200 -g --gcc --printf_support=full --diag_warning=225 --display_error_number --abi=eabi --preproc_with_compile --preproc_dependency="test.d_raw"  "../test.c"
Finished building: "../test.c"
 
Building file: "C:/TI/CC3200SDK_1.3.0/cc3200-sdk/example/common/timer_if.c"
Invoking: ARM Compiler
"C:/TI/ccsv8/tools/compiler/ti-cgt-arm_18.1.4.LTS/bin/armcl" -mv7M4 --code_state=16 --float_support=vfplib -me --include_path="C:/TI/ccsv8/tools/compiler/ti-cgt-arm_18.1.4.LTS/include" --include_path="C:/TI/CC3200SDK_1.3.0/cc3200-sdk/driverlib/" --include_path="C:/TI/CC3200SDK_1.3.0/cc3200-sdk/example/common" --include_path="C:/TI/CC3200SDK_1.3.0/cc3200-sdk/inc/" --define=ccs --define=NON_NETWORK --define=cc3200 -g --gcc --printf_support=full --diag_warning=225 --display_error_number --abi=eabi --preproc_with_compile --preproc_dependency="timer_if.d_raw"  "C:/TI/CC3200SDK_1.3.0/cc3200-sdk/example/common/timer_if.c"
Finished building: "C:/TI/CC3200SDK_1.3.0/cc3200-sdk/example/common/timer_if.c"
 
Building file: "../uart_if.c"
Invoking: ARM Compiler
"C:/TI/ccsv8/tools/compiler/ti-cgt-arm_18.1.4.LTS/bin/armcl" -mv7M4 --code_state=16 --float_support=vfplib -me --include_path="C:/TI/ccsv8/tools/compiler/ti-cgt-arm_18.1.4.LTS/include" --include_path="C:/TI/CC3200SDK_1.3.0/cc3200-sdk/driverlib/" --include_path="C:/TI/CC3200SDK_1.3.0/cc3200-sdk/example/common" --include_path="C:/TI/CC3200SDK_1.3.0/cc3200-sdk/inc/" --define=ccs --define=NON_NETWORK --define=cc3200 -g --gcc --printf_support=full --diag_warning=225 --display_error_number --abi=eabi --preproc_with_compile --preproc_dependency="uart_if.d_raw"  "../uart_if.c"
Finished building: "../uart_if.c"
 
Building target: "timer_final_lab3.out"
Invoking: ARM Linker
"C:/TI/ccsv8/tools/compiler/ti-cgt-arm_18.1.4.LTS/bin/armcl" -mv7M4 --code_state=16 --float_support=vfplib -me --define=ccs --define=NON_NETWORK --define=cc3200 -g --gcc --printf_support=full --diag_warning=225 --display_error_number --abi=eabi -z -m"timer_final_lab3.map" --heap_size=0x800 --stack_size=0x800 -i"C:/TI/ccsv8/tools/compiler/ti-cgt-arm_18.1.4.LTS/lib" -i"C:/TI/ccsv8/tools/compiler/ti-cgt-arm_18.1.4.LTS/include" --reread_libs --display_error_number --warn_sections --xml_link_info="timer_final_lab3_linkInfo.xml" --rom_model -o "timer_final_lab3.out" "./Adafruit_GFX.obj" "./Adafruit_OLED.obj" "./gpio_if.obj" "./main.obj" "./pinmux.obj" "./startup_ccs.obj" "./test.obj" "./timer_if.obj" "./uart_if.obj" "../cc3200v1p32.cmd"  -llibc.a -l"C:/TI/CC3200SDK_1.3.0/cc3200-sdk/driverlib/ccs/Release/driverlib.a" 
<Linking>
Finished building target: "timer_final_lab3.out"
 
"C:/TI/ccsv8/utils/tiobj2bin/tiobj2bin" "timer_final_lab3.out" "timer_final_lab3.bin" "C:/TI/ccsv8/tools/compiler/ti-cgt-arm_18.1.4.LTS/bin/armofd" "C:/TI/ccsv8/tools/compiler/ti-cgt-arm_18.1.4.LTS/bin/armhex" "C:/TI/ccsv8/utils/tiobj2bin/mkhex4bin"
 

**** Build Finished ****

**** Build of configuration Release for project timer_final_lab3 ****

"C:\\TI\\ccsv8\\utils\\bin\\gmake" -k all 
 
gmake: Nothing to be done for 'all'.

**** Build Finished ****

**** Build of configuration Release for project timer_final_lab3 ****

"C:\\TI\\ccsv8\\utils\\bin\\gmake" -k all 
 
gmake: Nothing to be done for 'all'.

**** Build Finished ****

**** Build of configuration Release for project timer_final_lab3 ****

"C:\\TI\\ccsv8\\utils\\bin\\gmake" -k all 
 
gmake: Nothing to be done for 'all'.

**** Build Finished ****

**** Build of configuration Release for project timer_final_lab3 ****

"C:\\TI\\ccsv8\\utils\\bin\\gmake" -k all 
 
gmake: Nothing to be done for 'all'.

**** Build Finished ****

**** Build of configuration Release for project timer_final_lab3 ****

"C:\\TI\\ccsv8\\utils\\bin\\gmake" -k all 
 
gmake: Nothing to be done for 'all'.

**** Build Finished ****

**** Build of configuration Release for project timer_final_lab3 ****

"C:\\TI\\ccsv8\\utils\\bin\\gmake" -k all 
 
Building file: "../main.c"
Invoking: ARM Compiler
"C:/TI/ccsv8/tools/compiler/ti-cgt-arm_18.1.4.LTS/bin/armcl" -mv7M4 --code_state=16 --float_support=vfplib -me --include_path="C:/TI/ccsv8/tools/compiler/ti-cgt-arm_18.1.4.LTS/include" --include_path="C:/TI/CC3200SDK_1.3.0/cc3200-sdk/driverlib/" --include_path="C:/TI/CC3200SDK_1.3.0/cc3200-sdk/example/common" --include_path="C:/TI/CC3200SDK_1.3.0/cc3200-sdk/inc/" --define=ccs --define=NON_NETWORK --define=cc3200 -g --gcc --printf_support=full --diag_warning=225 --display_error_number --abi=eabi --preproc_with_compile --preproc_dependency="main.d_raw"  "../main.c"
"../main.c", line 199: warning #225-D: function "fillRect" declared implicitly
"../main.c", line 225: warning #225-D: function "fillRect" declared implicitly
"../main.c", line 372: warning #69-D: integer conversion resulted in a change of sign
"../main.c", line 382: warning #69-D: integer conversion resulted in a change of sign
"../main.c", line 392: warning #69-D: integer conversion resulted in a change of sign
"../main.c", line 402: warning #69-D: integer conversion resulted in a change of sign
"../main.c", line 412: warning #69-D: integer conversion resulted in a change of sign
"../main.c", line 561: warning #225-D: function "Adafruit_Init" declared implicitly
"../main.c", line 562: warning #225-D: function "fillScreen" declared implicitly
"../main.c", line 648: warning #183-D: argument is incompatible with corresponding format string conversion
"../main.c", line 651: warning #225-D: function "fillRect" declared implicitly
Finished building: "../main.c"
 
Building target: "timer_final_lab3.out"
Invoking: ARM Linker
"C:/TI/ccsv8/tools/compiler/ti-cgt-arm_18.1.4.LTS/bin/armcl" -mv7M4 --code_state=16 --float_support=vfplib -me --define=ccs --define=NON_NETWORK --define=cc3200 -g --gcc --printf_support=full --diag_warning=225 --display_error_number --abi=eabi -z -m"timer_final_lab3.map" --heap_size=0x800 --stack_size=0x800 -i"C:/TI/ccsv8/tools/compiler/ti-cgt-arm_18.1.4.LTS/lib" -i"C:/TI/ccsv8/tools/compiler/ti-cgt-arm_18.1.4.LTS/include" --reread_libs --display_error_number --warn_sections --xml_link_info="timer_final_lab3_linkInfo.xml" --rom_model -o "timer_final_lab3.out" "./Adafruit_GFX.obj" "./Adafruit_OLED.obj" "./gpio_if.obj" "./main.obj" "./pinmux.obj" "./startup_ccs.obj" "./test.obj" "./timer_if.obj" "./uart_if.obj" "../cc3200v1p32.cmd"  -llibc.a -l"C:/TI/CC3200SDK_1.3.0/cc3200-sdk/driverlib/ccs/Release/driverlib.a" 
<Linking>
Finished building target: "timer_final_lab3.out"
 
"C:/TI/ccsv8/utils/tiobj2bin/tiobj2bin" "timer_final_lab3.out" "timer_final_lab3.bin" "C:/TI/ccsv8/tools/compiler/ti-cgt-arm_18.1.4.LTS/bin/armofd" "C:/TI/ccsv8/tools/compiler/ti-cgt-arm_18.1.4.LTS/bin/armhex" "C:/TI/ccsv8/utils/tiobj2bin/mkhex4bin"
 

**** Build Finished ****

**** Build of configuration Release for project timer_final_lab3 ****

"C:\\TI\\ccsv8\\utils\\bin\\gmake" -k all 
 
gmake: Nothing to be done for 'all'.

**** Build Finished ****

**** Build of configuration Release for project timer_final_lab3 ****

"C:\\TI\\ccsv8\\utils\\bin\\gmake" -k all 
 
Building file: "../main.c"
Invoking: ARM Compiler
"C:/TI/ccsv8/tools/compiler/ti-cgt-arm_18.1.4.LTS/bin/armcl" -mv7M4 --code_state=16 --float_support=vfplib -me --include_path="C:/TI/ccsv8/tools/compiler/ti-cgt-arm_18.1.4.LTS/include" --include_path="C:/TI/CC3200SDK_1.3.0/cc3200-sdk/driverlib/" --include_path="C:/TI/CC3200SDK_1.3.0/cc3200-sdk/example/common" --include_path="C:/TI/CC3200SDK_1.3.0/cc3200-sdk/inc/" --define=ccs --define=NON_NETWORK --define=cc3200 -g --gcc --printf_support=full --diag_warning=225 --display_error_number --abi=eabi --preproc_with_compile --preproc_dependency="main.d_raw"  "../main.c"
"../main.c", line 199: warning #225-D: function "fillRect" declared implicitly
"../main.c", line 225: warning #225-D: function "fillRect" declared implicitly
"../main.c", line 372: warning #69-D: integer conversion resulted in a change of sign
"../main.c", line 382: warning #69-D: integer conversion resulted in a change of sign
"../main.c", line 392: warning #69-D: integer conversion resulted in a change of sign
"../main.c", line 402: warning #69-D: integer conversion resulted in a change of sign
"../main.c", line 412: warning #69-D: integer conversion resulted in a change of sign
"../main.c", line 561: warning #225-D: function "Adafruit_Init" declared implicitly
"../main.c", line 562: warning #225-D: function "fillScreen" declared implicitly
"../main.c", line 648: warning #183-D: argument is incompatible with corresponding format string conversion
"../main.c", line 651: warning #225-D: function "fillRect" declared implicitly
Finished building: "../main.c"
 
Building target: "timer_final_lab3.out"
Invoking: ARM Linker
"C:/TI/ccsv8/tools/compiler/ti-cgt-arm_18.1.4.LTS/bin/armcl" -mv7M4 --code_state=16 --float_support=vfplib -me --define=ccs --define=NON_NETWORK --define=cc3200 -g --gcc --printf_support=full --diag_warning=225 --display_error_number --abi=eabi -z -m"timer_final_lab3.map" --heap_size=0x800 --stack_size=0x800 -i"C:/TI/ccsv8/tools/compiler/ti-cgt-arm_18.1.4.LTS/lib" -i"C:/TI/ccsv8/tools/compiler/ti-cgt-arm_18.1.4.LTS/include" --reread_libs --display_error_number --warn_sections --xml_link_info="timer_final_lab3_linkInfo.xml" --rom_model -o "timer_final_lab3.out" "./Adafruit_GFX.obj" "./Adafruit_OLED.obj" "./gpio_if.obj" "./main.obj" "./pinmux.obj" "./startup_ccs.obj" "./test.obj" "./timer_if.obj" "./uart_if.obj" "../cc3200v1p32.cmd"  -llibc.a -l"C:/TI/CC3200SDK_1.3.0/cc3200-sdk/driverlib/ccs/Release/driverlib.a" 
<Linking>
Finished building target: "timer_final_lab3.out"
 
"C:/TI/ccsv8/utils/tiobj2bin/tiobj2bin" "timer_final_lab3.out" "timer_final_lab3.bin" "C:/TI/ccsv8/tools/compiler/ti-cgt-arm_18.1.4.LTS/bin/armofd" "C:/TI/ccsv8/tools/compiler/ti-cgt-arm_18.1.4.LTS/bin/armhex" "C:/TI/ccsv8/utils/tiobj2bin/mkhex4bin"
 

**** Build Finished ****

**** Build of configuration Release for project timer_final_lab3 ****

"C:\\TI\\ccsv8\\utils\\bin\\gmake" -k all 
 
gmake: Nothing to be done for 'all'.

**** Build Finished ****

**** Build of configuration Release for project timer_final_lab3 ****

"C:\\TI\\ccsv8\\utils\\bin\\gmake" -k all 
 
Building file: "../main.c"
Invoking: ARM Compiler
"C:/TI/ccsv8/tools/compiler/ti-cgt-arm_18.1.4.LTS/bin/armcl" -mv7M4 --code_state=16 --float_support=vfplib -me --include_path="C:/TI/ccsv8/tools/compiler/ti-cgt-arm_18.1.4.LTS/include" --include_path="C:/TI/CC3200SDK_1.3.0/cc3200-sdk/driverlib/" --include_path="C:/TI/CC3200SDK_1.3.0/cc3200-sdk/example/common" --include_path="C:/TI/CC3200SDK_1.3.0/cc3200-sdk/inc/" --define=ccs --define=NON_NETWORK --define=cc3200 -g --gcc --printf_support=full --diag_warning=225 --display_error_number --abi=eabi --preproc_with_compile --preproc_dependency="main.d_raw"  "../main.c"
 
>> Compilation failure
subdir_rules.mk:9: recipe for target 'main.obj' failed
"../main.c", line 199: warning #225-D: function "fillRect" declared implicitly
"../main.c", line 225: warning #225-D: function "fillRect" declared implicitly
"../main.c", line 372: warning #69-D: integer conversion resulted in a change of sign
"../main.c", line 382: warning #69-D: integer conversion resulted in a change of sign
"../main.c", line 392: warning #69-D: integer conversion resulted in a change of sign
"../main.c", line 402: warning #69-D: integer conversion resulted in a change of sign
"../main.c", line 412: warning #69-D: integer conversion resulted in a change of sign
"../main.c", line 561: warning #225-D: function "Adafruit_Init" declared implicitly
"../main.c", line 562: warning #225-D: function "fillScreen" declared implicitly
"../main.c", line 648: warning #183-D: argument is incompatible with corresponding format string conversion
"../main.c", line 651: warning #225-D: function "fillRect" declared implicitly
"../main.c", line 655: error #20: identifier "i" is undefined
"../main.c", line 655: error #20: identifier "len" is undefined
2 errors detected in the compilation of "../main.c".
gmake: *** [main.obj] Error 1
gmake: Target 'all' not remade because of errors.

**** Build Finished ****

**** Build of configuration Release for project timer_final_lab3 ****

"C:\\TI\\ccsv8\\utils\\bin\\gmake" -k all 
 
Building file: "../main.c"
Invoking: ARM Compiler
"C:/TI/ccsv8/tools/compiler/ti-cgt-arm_18.1.4.LTS/bin/armcl" -mv7M4 --code_state=16 --float_support=vfplib -me --include_path="C:/TI/ccsv8/tools/compiler/ti-cgt-arm_18.1.4.LTS/include" --include_path="C:/TI/CC3200SDK_1.3.0/cc3200-sdk/driverlib/" --include_path="C:/TI/CC3200SDK_1.3.0/cc3200-sdk/example/common" --include_path="C:/TI/CC3200SDK_1.3.0/cc3200-sdk/inc/" --define=ccs --define=NON_NETWORK --define=cc3200 -g --gcc --printf_support=full --diag_warning=225 --display_error_number --abi=eabi --preproc_with_compile --preproc_dependency="main.d_raw"  "../main.c"
"../main.c", line 199: warning #225-D: function "fillRect" declared implicitly
"../main.c", line 225: warning #225-D: function "fillRect" declared implicitly
"../main.c", line 372: warning #69-D: integer conversion resulted in a change of sign
"../main.c", line 382: warning #69-D: integer conversion resulted in a change of sign
"../main.c", line 392: warning #69-D: integer conversion resulted in a change of sign
"../main.c", line 402: warning #69-D: integer conversion resulted in a change of sign
"../main.c", line 412: warning #69-D: integer conversion resulted in a change of sign
"../main.c", line 561: warning #225-D: function "Adafruit_Init" declared implicitly
"../main.c", line 562: warning #225-D: function "fillScreen" declared implicitly
"../main.c", line 648: warning #183-D: argument is incompatible with corresponding format string conversion
"../main.c", line 651: warning #225-D: function "fillRect" declared implicitly
Finished building: "../main.c"
 
Building target: "timer_final_lab3.out"
Invoking: ARM Linker
"C:/TI/ccsv8/tools/compiler/ti-cgt-arm_18.1.4.LTS/bin/armcl" -mv7M4 --code_state=16 --float_support=vfplib -me --define=ccs --define=NON_NETWORK --define=cc3200 -g --gcc --printf_support=full --diag_warning=225 --display_error_number --abi=eabi -z -m"timer_final_lab3.map" --heap_size=0x800 --stack_size=0x800 -i"C:/TI/ccsv8/tools/compiler/ti-cgt-arm_18.1.4.LTS/lib" -i"C:/TI/ccsv8/tools/compiler/ti-cgt-arm_18.1.4.LTS/include" --reread_libs --display_error_number --warn_sections --xml_link_info="timer_final_lab3_linkInfo.xml" --rom_model -o "timer_final_lab3.out" "./Adafruit_GFX.obj" "./Adafruit_OLED.obj" "./gpio_if.obj" "./main.obj" "./pinmux.obj" "./startup_ccs.obj" "./test.obj" "./timer_if.obj" "./uart_if.obj" "../cc3200v1p32.cmd"  -llibc.a -l"C:/TI/CC3200SDK_1.3.0/cc3200-sdk/driverlib/ccs/Release/driverlib.a" 
<Linking>
Finished building target: "timer_final_lab3.out"
 
"C:/TI/ccsv8/utils/tiobj2bin/tiobj2bin" "timer_final_lab3.out" "timer_final_lab3.bin" "C:/TI/ccsv8/tools/compiler/ti-cgt-arm_18.1.4.LTS/bin/armofd" "C:/TI/ccsv8/tools/compiler/ti-cgt-arm_18.1.4.LTS/bin/armhex" "C:/TI/ccsv8/utils/tiobj2bin/mkhex4bin"
 

**** Build Finished ****

**** Build of configuration Release for project timer_final_lab3 ****

"C:\\TI\\ccsv8\\utils\\bin\\gmake" -k all 
 
gmake: Nothing to be done for 'all'.

**** Build Finished ****

**** Build of configuration Release for project timer_final_lab3 ****

"C:\\TI\\ccsv8\\utils\\bin\\gmake" -k all 
 
gmake: Nothing to be done for 'all'.

**** Build Finished ****

**** Build of configuration Release for project timer_final_lab3 ****

"C:\\TI\\ccsv8\\utils\\bin\\gmake" -k all 
 
Building file: "../main.c"
Invoking: ARM Compiler
"C:/TI/ccsv8/tools/compiler/ti-cgt-arm_18.1.4.LTS/bin/armcl" -mv7M4 --code_state=16 --float_support=vfplib -me --include_path="C:/TI/ccsv8/tools/compiler/ti-cgt-arm_18.1.4.LTS/include" --include_path="C:/TI/CC3200SDK_1.3.0/cc3200-sdk/driverlib/" --include_path="C:/TI/CC3200SDK_1.3.0/cc3200-sdk/example/common" --include_path="C:/TI/CC3200SDK_1.3.0/cc3200-sdk/inc/" --define=ccs --define=NON_NETWORK --define=cc3200 -g --gcc --printf_support=full --diag_warning=225 --display_error_number --abi=eabi --preproc_with_compile --preproc_dependency="main.d_raw"  "../main.c"
 
>> Compilation failure
subdir_rules.mk:9: recipe for target 'main.obj' failed
"../main.c", line 199: warning #225-D: function "fillRect" declared implicitly
"../main.c", line 225: warning #225-D: function "fillRect" declared implicitly
"../main.c", line 316: error #20: identifier "temp1" is undefined
"../main.c", line 377: warning #69-D: integer conversion resulted in a change of sign
"../main.c", line 387: warning #69-D: integer conversion resulted in a change of sign
"../main.c", line 397: warning #69-D: integer conversion resulted in a change of sign
"../main.c", line 407: warning #69-D: integer conversion resulted in a change of sign
"../main.c", line 417: warning #69-D: integer conversion resulted in a change of sign
"../main.c", line 544: error #20: identifier "temp1" is undefined
"../main.c", line 568: warning #225-D: function "Adafruit_Init" declared implicitly
"../main.c", line 569: warning #225-D: function "fillScreen" declared implicitly
"../main.c", line 660: warning #183-D: argument is incompatible with corresponding format string conversion
"../main.c", line 663: warning #225-D: function "fillRect" declared implicitly
2 errors detected in the compilation of "../main.c".
gmake: *** [main.obj] Error 1
gmake: Target 'all' not remade because of errors.

**** Build Finished ****

**** Build of configuration Release for project timer_final_lab3 ****

"C:\\TI\\ccsv8\\utils\\bin\\gmake" -k all 
 
Building file: "../main.c"
Invoking: ARM Compiler
"C:/TI/ccsv8/tools/compiler/ti-cgt-arm_18.1.4.LTS/bin/armcl" -mv7M4 --code_state=16 --float_support=vfplib -me --include_path="C:/TI/ccsv8/tools/compiler/ti-cgt-arm_18.1.4.LTS/include" --include_path="C:/TI/CC3200SDK_1.3.0/cc3200-sdk/driverlib/" --include_path="C:/TI/CC3200SDK_1.3.0/cc3200-sdk/example/common" --include_path="C:/TI/CC3200SDK_1.3.0/cc3200-sdk/inc/" --define=ccs --define=NON_NETWORK --define=cc3200 -g --gcc --printf_support=full --diag_warning=225 --display_error_number --abi=eabi --preproc_with_compile --preproc_dependency="main.d_raw"  "../main.c"
 
>> Compilation failure
subdir_rules.mk:9: recipe for target 'main.obj' failed
"../main.c", line 199: warning #225-D: function "fillRect" declared implicitly
"../main.c", line 225: warning #225-D: function "fillRect" declared implicitly
"../main.c", line 377: warning #69-D: integer conversion resulted in a change of sign
"../main.c", line 387: warning #69-D: integer conversion resulted in a change of sign
"../main.c", line 397: warning #69-D: integer conversion resulted in a change of sign
"../main.c", line 407: warning #69-D: integer conversion resulted in a change of sign
"../main.c", line 417: warning #69-D: integer conversion resulted in a change of sign
"../main.c", line 464: error #20: identifier "result" is undefined
"../main.c", line 572: warning #225-D: function "Adafruit_Init" declared implicitly
"../main.c", line 573: warning #225-D: function "fillScreen" declared implicitly
"../main.c", line 642: error #20: identifier "old" is undefined
"../main.c", line 664: warning #183-D: argument is incompatible with corresponding format string conversion
"../main.c", line 667: warning #225-D: function "fillRect" declared implicitly
2 errors detected in the compilation of "../main.c".
gmake: *** [main.obj] Error 1
gmake: Target 'all' not remade because of errors.

**** Build Finished ****

**** Build of configuration Release for project timer_final_lab3 ****

"C:\\TI\\ccsv8\\utils\\bin\\gmake" -k all 
 
Building file: "../main.c"
Invoking: ARM Compiler
"C:/TI/ccsv8/tools/compiler/ti-cgt-arm_18.1.4.LTS/bin/armcl" -mv7M4 --code_state=16 --float_support=vfplib -me --include_path="C:/TI/ccsv8/tools/compiler/ti-cgt-arm_18.1.4.LTS/include" --include_path="C:/TI/CC3200SDK_1.3.0/cc3200-sdk/driverlib/" --include_path="C:/TI/CC3200SDK_1.3.0/cc3200-sdk/example/common" --include_path="C:/TI/CC3200SDK_1.3.0/cc3200-sdk/inc/" --define=ccs --define=NON_NETWORK --define=cc3200 -g --gcc --printf_support=full --diag_warning=225 --display_error_number --abi=eabi --preproc_with_compile --preproc_dependency="main.d_raw"  "../main.c"
"../main.c", line 199: warning #225-D: function "fillRect" declared implicitly
"../main.c", line 225: warning #225-D: function "fillRect" declared implicitly
"../main.c", line 377: warning #69-D: integer conversion resulted in a change of sign
"../main.c", line 387: warning #69-D: integer conversion resulted in a change of sign
"../main.c", line 397: warning #69-D: integer conversion resulted in a change of sign
"../main.c", line 407: warning #69-D: integer conversion resulted in a change of sign
"../main.c", line 417: warning #69-D: integer conversion resulted in a change of sign
"../main.c", line 572: warning #225-D: function "Adafruit_Init" declared implicitly
"../main.c", line 573: warning #225-D: function "fillScreen" declared implicitly
"../main.c", line 664: warning #183-D: argument is incompatible with corresponding format string conversion
"../main.c", line 667: warning #225-D: function "fillRect" declared implicitly
Finished building: "../main.c"
 
Building target: "timer_final_lab3.out"
Invoking: ARM Linker
"C:/TI/ccsv8/tools/compiler/ti-cgt-arm_18.1.4.LTS/bin/armcl" -mv7M4 --code_state=16 --float_support=vfplib -me --define=ccs --define=NON_NETWORK --define=cc3200 -g --gcc --printf_support=full --diag_warning=225 --display_error_number --abi=eabi -z -m"timer_final_lab3.map" --heap_size=0x800 --stack_size=0x800 -i"C:/TI/ccsv8/tools/compiler/ti-cgt-arm_18.1.4.LTS/lib" -i"C:/TI/ccsv8/tools/compiler/ti-cgt-arm_18.1.4.LTS/include" --reread_libs --display_error_number --warn_sections --xml_link_info="timer_final_lab3_linkInfo.xml" --rom_model -o "timer_final_lab3.out" "./Adafruit_GFX.obj" "./Adafruit_OLED.obj" "./gpio_if.obj" "./main.obj" "./pinmux.obj" "./startup_ccs.obj" "./test.obj" "./timer_if.obj" "./uart_if.obj" "../cc3200v1p32.cmd"  -llibc.a -l"C:/TI/CC3200SDK_1.3.0/cc3200-sdk/driverlib/ccs/Release/driverlib.a" 
<Linking>
Finished building target: "timer_final_lab3.out"
 
"C:/TI/ccsv8/utils/tiobj2bin/tiobj2bin" "timer_final_lab3.out" "timer_final_lab3.bin" "C:/TI/ccsv8/tools/compiler/ti-cgt-arm_18.1.4.LTS/bin/armofd" "C:/TI/ccsv8/tools/compiler/ti-cgt-arm_18.1.4.LTS/bin/armhex" "C:/TI/ccsv8/utils/tiobj2bin/mkhex4bin"
 

**** Build Finished ****

**** Build of configuration Release for project timer_final_lab3 ****

"C:\\TI\\ccsv8\\utils\\bin\\gmake" -k all 
 
Building file: "../main.c"
Invoking: ARM Compiler
"C:/TI/ccsv8/tools/compiler/ti-cgt-arm_18.1.4.LTS/bin/armcl" -mv7M4 --code_state=16 --float_support=vfplib -me --include_path="C:/TI/ccsv8/tools/compiler/ti-cgt-arm_18.1.4.LTS/include" --include_path="C:/TI/CC3200SDK_1.3.0/cc3200-sdk/driverlib/" --include_path="C:/TI/CC3200SDK_1.3.0/cc3200-sdk/example/common" --include_path="C:/TI/CC3200SDK_1.3.0/cc3200-sdk/inc/" --define=ccs --define=NON_NETWORK --define=cc3200 -g --gcc --printf_support=full --diag_warning=225 --display_error_number --abi=eabi --preproc_with_compile --preproc_dependency="main.d_raw"  "../main.c"
"../main.c", line 199: warning #225-D: function "fillRect" declared implicitly
"../main.c", line 225: warning #225-D: function "fillRect" declared implicitly
"../main.c", line 377: warning #69-D: integer conversion resulted in a change of sign
"../main.c", line 387: warning #69-D: integer conversion resulted in a change of sign
"../main.c", line 397: warning #69-D: integer conversion resulted in a change of sign
"../main.c", line 407: warning #69-D: integer conversion resulted in a change of sign
"../main.c", line 417: warning #69-D: integer conversion resulted in a change of sign
"../main.c", line 564: warning #225-D: function "Adafruit_Init" declared implicitly
"../main.c", line 565: warning #225-D: function "fillScreen" declared implicitly
"../main.c", line 656: warning #183-D: argument is incompatible with corresponding format string conversion
"../main.c", line 659: warning #225-D: function "fillRect" declared implicitly
Finished building: "../main.c"
 
Building target: "timer_final_lab3.out"
Invoking: ARM Linker
"C:/TI/ccsv8/tools/compiler/ti-cgt-arm_18.1.4.LTS/bin/armcl" -mv7M4 --code_state=16 --float_support=vfplib -me --define=ccs --define=NON_NETWORK --define=cc3200 -g --gcc --printf_support=full --diag_warning=225 --display_error_number --abi=eabi -z -m"timer_final_lab3.map" --heap_size=0x800 --stack_size=0x800 -i"C:/TI/ccsv8/tools/compiler/ti-cgt-arm_18.1.4.LTS/lib" -i"C:/TI/ccsv8/tools/compiler/ti-cgt-arm_18.1.4.LTS/include" --reread_libs --display_error_number --warn_sections --xml_link_info="timer_final_lab3_linkInfo.xml" --rom_model -o "timer_final_lab3.out" "./Adafruit_GFX.obj" "./Adafruit_OLED.obj" "./gpio_if.obj" "./main.obj" "./pinmux.obj" "./startup_ccs.obj" "./test.obj" "./timer_if.obj" "./uart_if.obj" "../cc3200v1p32.cmd"  -llibc.a -l"C:/TI/CC3200SDK_1.3.0/cc3200-sdk/driverlib/ccs/Release/driverlib.a" 
<Linking>
Finished building target: "timer_final_lab3.out"
 
"C:/TI/ccsv8/utils/tiobj2bin/tiobj2bin" "timer_final_lab3.out" "timer_final_lab3.bin" "C:/TI/ccsv8/tools/compiler/ti-cgt-arm_18.1.4.LTS/bin/armofd" "C:/TI/ccsv8/tools/compiler/ti-cgt-arm_18.1.4.LTS/bin/armhex" "C:/TI/ccsv8/utils/tiobj2bin/mkhex4bin"
 

**** Build Finished ****

**** Build of configuration Release for project timer_final_lab3 ****

"C:\\TI\\ccsv8\\utils\\bin\\gmake" -k all 
 
Building file: "../main.c"
Invoking: ARM Compiler
"C:/TI/ccsv8/tools/compiler/ti-cgt-arm_18.1.4.LTS/bin/armcl" -mv7M4 --code_state=16 --float_support=vfplib -me --include_path="C:/TI/ccsv8/tools/compiler/ti-cgt-arm_18.1.4.LTS/include" --include_path="C:/TI/CC3200SDK_1.3.0/cc3200-sdk/driverlib/" --include_path="C:/TI/CC3200SDK_1.3.0/cc3200-sdk/example/common" --include_path="C:/TI/CC3200SDK_1.3.0/cc3200-sdk/inc/" --define=ccs --define=NON_NETWORK --define=cc3200 -g --gcc --printf_support=full --diag_warning=225 --display_error_number --abi=eabi --preproc_with_compile --preproc_dependency="main.d_raw"  "../main.c"
 
>> Compilation failure
subdir_rules.mk:9: recipe for target 'main.obj' failed
"../main.c", line 133: warning #225-D: function "fillRect" declared implicitly
"../main.c", line 160: warning #225-D: function "fillRect" declared implicitly
"../main.c", line 195: error #20: identifier "timer2Base" is undefined
"../main.c", line 203: error #20: identifier "timer2Base" is undefined
"../main.c", line 229: error #20: identifier "bRxDone" is undefined
"../main.c", line 246: error #20: identifier "timer2Base" is undefined
"../main.c", line 337: warning #69-D: integer conversion resulted in a change of sign
"../main.c", line 347: warning #69-D: integer conversion resulted in a change of sign
"../main.c", line 357: warning #69-D: integer conversion resulted in a change of sign
"../main.c", line 367: warning #69-D: integer conversion resulted in a change of sign
"../main.c", line 377: warning #69-D: integer conversion resulted in a change of sign
"../main.c", line 504: warning #225-D: function "Adafruit_Init" declared implicitly
"../main.c", line 505: warning #225-D: function "fillScreen" declared implicitly
"../main.c", line 575: error #20: identifier "timer2Base" is undefined
"../main.c", line 600: warning #183-D: argument is incompatible with corresponding format string conversion
"../main.c", line 603: warning #225-D: function "fillRect" declared implicitly
5 errors detected in the compilation of "../main.c".
gmake: *** [main.obj] Error 1
gmake: Target 'all' not remade because of errors.

**** Build Finished ****

**** Build of configuration Release for project timer_final_lab3 ****

"C:\\TI\\ccsv8\\utils\\bin\\gmake" -k all 
 
Building file: "../main.c"
Invoking: ARM Compiler
"C:/TI/ccsv8/tools/compiler/ti-cgt-arm_18.1.4.LTS/bin/armcl" -mv7M4 --code_state=16 --float_support=vfplib -me --include_path="C:/TI/ccsv8/tools/compiler/ti-cgt-arm_18.1.4.LTS/include" --include_path="C:/TI/CC3200SDK_1.3.0/cc3200-sdk/driverlib/" --include_path="C:/TI/CC3200SDK_1.3.0/cc3200-sdk/example/common" --include_path="C:/TI/CC3200SDK_1.3.0/cc3200-sdk/inc/" --define=ccs --define=NON_NETWORK --define=cc3200 -g --gcc --printf_support=full --diag_warning=225 --display_error_number --abi=eabi --preproc_with_compile --preproc_dependency="main.d_raw"  "../main.c"
"../main.c", line 134: warning #225-D: function "fillRect" declared implicitly
"../main.c", line 161: warning #225-D: function "fillRect" declared implicitly
"../main.c", line 338: warning #69-D: integer conversion resulted in a change of sign
"../main.c", line 348: warning #69-D: integer conversion resulted in a change of sign
"../main.c", line 358: warning #69-D: integer conversion resulted in a change of sign
"../main.c", line 368: warning #69-D: integer conversion resulted in a change of sign
"../main.c", line 378: warning #69-D: integer conversion resulted in a change of sign
"../main.c", line 505: warning #225-D: function "Adafruit_Init" declared implicitly
"../main.c", line 506: warning #225-D: function "fillScreen" declared implicitly
"../main.c", line 601: warning #183-D: argument is incompatible with corresponding format string conversion
"../main.c", line 604: warning #225-D: function "fillRect" declared implicitly
Finished building: "../main.c"
 
Building target: "timer_final_lab3.out"
Invoking: ARM Linker
"C:/TI/ccsv8/tools/compiler/ti-cgt-arm_18.1.4.LTS/bin/armcl" -mv7M4 --code_state=16 --float_support=vfplib -me --define=ccs --define=NON_NETWORK --define=cc3200 -g --gcc --printf_support=full --diag_warning=225 --display_error_number --abi=eabi -z -m"timer_final_lab3.map" --heap_size=0x800 --stack_size=0x800 -i"C:/TI/ccsv8/tools/compiler/ti-cgt-arm_18.1.4.LTS/lib" -i"C:/TI/ccsv8/tools/compiler/ti-cgt-arm_18.1.4.LTS/include" --reread_libs --display_error_number --warn_sections --xml_link_info="timer_final_lab3_linkInfo.xml" --rom_model -o "timer_final_lab3.out" "./Adafruit_GFX.obj" "./Adafruit_OLED.obj" "./gpio_if.obj" "./main.obj" "./pinmux.obj" "./startup_ccs.obj" "./test.obj" "./timer_if.obj" "./uart_if.obj" "../cc3200v1p32.cmd"  -llibc.a -l"C:/TI/CC3200SDK_1.3.0/cc3200-sdk/driverlib/ccs/Release/driverlib.a" 
<Linking>
Finished building target: "timer_final_lab3.out"
 
"C:/TI/ccsv8/utils/tiobj2bin/tiobj2bin" "timer_final_lab3.out" "timer_final_lab3.bin" "C:/TI/ccsv8/tools/compiler/ti-cgt-arm_18.1.4.LTS/bin/armofd" "C:/TI/ccsv8/tools/compiler/ti-cgt-arm_18.1.4.LTS/bin/armhex" "C:/TI/ccsv8/utils/tiobj2bin/mkhex4bin"
 

**** Build Finished ****
